  CManager.cpp
c:\program files (x86)\microsoft directx sdk (june 2010)\include\dxgitype.h(12): warning C4005: 'DXGI_STATUS_OCCLUDED': redefinición de macro
  c:\program files (x86)\windows kits\10\include\10.0.17763.0\shared\winerror.h(55460): note: vea la definición anterior de 'DXGI_STATUS_OCCLUDED'
c:\program files (x86)\microsoft directx sdk (june 2010)\include\dxgitype.h(13): warning C4005: 'DXGI_STATUS_CLIPPED': redefinición de macro
  c:\program files (x86)\windows kits\10\include\10.0.17763.0\shared\winerror.h(55469): note: vea la definición anterior de 'DXGI_STATUS_CLIPPED'
c:\program files (x86)\microsoft directx sdk (june 2010)\include\dxgitype.h(14): warning C4005: 'DXGI_STATUS_NO_REDIRECTION': redefinición de macro
  c:\program files (x86)\windows kits\10\include\10.0.17763.0\shared\winerror.h(55478): note: vea la definición anterior de 'DXGI_STATUS_NO_REDIRECTION'
c:\program files (x86)\microsoft directx sdk (june 2010)\include\dxgitype.h(15): warning C4005: 'DXGI_STATUS_NO_DESKTOP_ACCESS': redefinición de macro
  c:\program files (x86)\windows kits\10\include\10.0.17763.0\shared\winerror.h(55487): note: vea la definición anterior de 'DXGI_STATUS_NO_DESKTOP_ACCESS'
c:\program files (x86)\microsoft directx sdk (june 2010)\include\dxgitype.h(16): warning C4005: 'DXGI_STATUS_GRAPHICS_VIDPN_SOURCE_IN_USE': redefinición de macro
  c:\program files (x86)\windows kits\10\include\10.0.17763.0\shared\winerror.h(55496): note: vea la definición anterior de 'DXGI_STATUS_GRAPHICS_VIDPN_SOURCE_IN_USE'
c:\program files (x86)\microsoft directx sdk (june 2010)\include\dxgitype.h(17): warning C4005: 'DXGI_STATUS_MODE_CHANGED': redefinición de macro
  c:\program files (x86)\windows kits\10\include\10.0.17763.0\shared\winerror.h(55505): note: vea la definición anterior de 'DXGI_STATUS_MODE_CHANGED'
c:\program files (x86)\microsoft directx sdk (june 2010)\include\dxgitype.h(18): warning C4005: 'DXGI_STATUS_MODE_CHANGE_IN_PROGRESS': redefinición de macro
  c:\program files (x86)\windows kits\10\include\10.0.17763.0\shared\winerror.h(55514): note: vea la definición anterior de 'DXGI_STATUS_MODE_CHANGE_IN_PROGRESS'
c:\program files (x86)\microsoft directx sdk (june 2010)\include\dxgitype.h(21): warning C4005: 'DXGI_ERROR_INVALID_CALL': redefinición de macro
  c:\program files (x86)\windows kits\10\include\10.0.17763.0\shared\winerror.h(55529): note: vea la definición anterior de 'DXGI_ERROR_INVALID_CALL'
c:\program files (x86)\microsoft directx sdk (june 2010)\include\dxgitype.h(22): warning C4005: 'DXGI_ERROR_NOT_FOUND': redefinición de macro
  c:\program files (x86)\windows kits\10\include\10.0.17763.0\shared\winerror.h(55538): note: vea la definición anterior de 'DXGI_ERROR_NOT_FOUND'
c:\program files (x86)\microsoft directx sdk (june 2010)\include\dxgitype.h(23): warning C4005: 'DXGI_ERROR_MORE_DATA': redefinición de macro
  c:\program files (x86)\windows kits\10\include\10.0.17763.0\shared\winerror.h(55547): note: vea la definición anterior de 'DXGI_ERROR_MORE_DATA'
c:\program files (x86)\microsoft directx sdk (june 2010)\include\dxgitype.h(24): warning C4005: 'DXGI_ERROR_UNSUPPORTED': redefinición de macro
  c:\program files (x86)\windows kits\10\include\10.0.17763.0\shared\winerror.h(55556): note: vea la definición anterior de 'DXGI_ERROR_UNSUPPORTED'
c:\program files (x86)\microsoft directx sdk (june 2010)\include\dxgitype.h(25): warning C4005: 'DXGI_ERROR_DEVICE_REMOVED': redefinición de macro
  c:\program files (x86)\windows kits\10\include\10.0.17763.0\shared\winerror.h(55565): note: vea la definición anterior de 'DXGI_ERROR_DEVICE_REMOVED'
c:\program files (x86)\microsoft directx sdk (june 2010)\include\dxgitype.h(26): warning C4005: 'DXGI_ERROR_DEVICE_HUNG': redefinición de macro
  c:\program files (x86)\windows kits\10\include\10.0.17763.0\shared\winerror.h(55574): note: vea la definición anterior de 'DXGI_ERROR_DEVICE_HUNG'
c:\program files (x86)\microsoft directx sdk (june 2010)\include\dxgitype.h(27): warning C4005: 'DXGI_ERROR_DEVICE_RESET': redefinición de macro
  c:\program files (x86)\windows kits\10\include\10.0.17763.0\shared\winerror.h(55584): note: vea la definición anterior de 'DXGI_ERROR_DEVICE_RESET'
c:\program files (x86)\microsoft directx sdk (june 2010)\include\dxgitype.h(28): warning C4005: 'DXGI_ERROR_WAS_STILL_DRAWING': redefinición de macro
  c:\program files (x86)\windows kits\10\include\10.0.17763.0\shared\winerror.h(55593): note: vea la definición anterior de 'DXGI_ERROR_WAS_STILL_DRAWING'
c:\program files (x86)\microsoft directx sdk (june 2010)\include\dxgitype.h(29): warning C4005: 'DXGI_ERROR_FRAME_STATISTICS_DISJOINT': redefinición de macro
  c:\program files (x86)\windows kits\10\include\10.0.17763.0\shared\winerror.h(55603): note: vea la definición anterior de 'DXGI_ERROR_FRAME_STATISTICS_DISJOINT'
c:\program files (x86)\microsoft directx sdk (june 2010)\include\dxgitype.h(30): warning C4005: 'DXGI_ERROR_GRAPHICS_VIDPN_SOURCE_IN_USE': redefinición de macro
  c:\program files (x86)\windows kits\10\include\10.0.17763.0\shared\winerror.h(55612): note: vea la definición anterior de 'DXGI_ERROR_GRAPHICS_VIDPN_SOURCE_IN_USE'
c:\program files (x86)\microsoft directx sdk (june 2010)\include\dxgitype.h(31): warning C4005: 'DXGI_ERROR_DRIVER_INTERNAL_ERROR': redefinición de macro
  c:\program files (x86)\windows kits\10\include\10.0.17763.0\shared\winerror.h(55622): note: vea la definición anterior de 'DXGI_ERROR_DRIVER_INTERNAL_ERROR'
c:\program files (x86)\microsoft directx sdk (june 2010)\include\dxgitype.h(32): warning C4005: 'DXGI_ERROR_NONEXCLUSIVE': redefinición de macro
  c:\program files (x86)\windows kits\10\include\10.0.17763.0\shared\winerror.h(55631): note: vea la definición anterior de 'DXGI_ERROR_NONEXCLUSIVE'
c:\program files (x86)\microsoft directx sdk (june 2010)\include\dxgitype.h(33): warning C4005: 'DXGI_ERROR_NOT_CURRENTLY_AVAILABLE': redefinición de macro
  c:\program files (x86)\windows kits\10\include\10.0.17763.0\shared\winerror.h(55640): note: vea la definición anterior de 'DXGI_ERROR_NOT_CURRENTLY_AVAILABLE'
c:\program files (x86)\microsoft directx sdk (june 2010)\include\dxgitype.h(34): warning C4005: 'DXGI_ERROR_REMOTE_CLIENT_DISCONNECTED': redefinición de macro
  c:\program files (x86)\windows kits\10\include\10.0.17763.0\shared\winerror.h(55650): note: vea la definición anterior de 'DXGI_ERROR_REMOTE_CLIENT_DISCONNECTED'
c:\program files (x86)\microsoft directx sdk (june 2010)\include\dxgitype.h(35): warning C4005: 'DXGI_ERROR_REMOTE_OUTOFMEMORY': redefinición de macro
  c:\program files (x86)\windows kits\10\include\10.0.17763.0\shared\winerror.h(55659): note: vea la definición anterior de 'DXGI_ERROR_REMOTE_OUTOFMEMORY'
c:\program files (x86)\microsoft directx sdk (june 2010)\include\d3d11.h(917): warning C4005: 'D3D11_ERROR_TOO_MANY_UNIQUE_STATE_OBJECTS': redefinición de macro
  c:\program files (x86)\windows kits\10\include\10.0.17763.0\shared\winerror.h(55923): note: vea la definición anterior de 'D3D11_ERROR_TOO_MANY_UNIQUE_STATE_OBJECTS'
c:\program files (x86)\microsoft directx sdk (june 2010)\include\d3d11.h(918): warning C4005: 'D3D11_ERROR_FILE_NOT_FOUND': redefinición de macro
  c:\program files (x86)\windows kits\10\include\10.0.17763.0\shared\winerror.h(55932): note: vea la definición anterior de 'D3D11_ERROR_FILE_NOT_FOUND'
c:\program files (x86)\microsoft directx sdk (june 2010)\include\d3d11.h(919): warning C4005: 'D3D11_ERROR_TOO_MANY_UNIQUE_VIEW_OBJECTS': redefinición de macro
  c:\program files (x86)\windows kits\10\include\10.0.17763.0\shared\winerror.h(55942): note: vea la definición anterior de 'D3D11_ERROR_TOO_MANY_UNIQUE_VIEW_OBJECTS'
c:\program files (x86)\microsoft directx sdk (june 2010)\include\d3d11.h(920): warning C4005: 'D3D11_ERROR_DEFERRED_CONTEXT_MAP_WITHOUT_INITIAL_DISCARD': redefinición de macro
  c:\program files (x86)\windows kits\10\include\10.0.17763.0\shared\winerror.h(55951): note: vea la definición anterior de 'D3D11_ERROR_DEFERRED_CONTEXT_MAP_WITHOUT_INITIAL_DISCARD'
c:\program files (x86)\microsoft directx sdk (june 2010)\include\d3d10.h(608): warning C4005: 'D3D10_ERROR_TOO_MANY_UNIQUE_STATE_OBJECTS': redefinición de macro
  c:\program files (x86)\windows kits\10\include\10.0.17763.0\shared\winerror.h(55899): note: vea la definición anterior de 'D3D10_ERROR_TOO_MANY_UNIQUE_STATE_OBJECTS'
c:\program files (x86)\microsoft directx sdk (june 2010)\include\d3d10.h(609): warning C4005: 'D3D10_ERROR_FILE_NOT_FOUND': redefinición de macro
  c:\program files (x86)\windows kits\10\include\10.0.17763.0\shared\winerror.h(55908): note: vea la definición anterior de 'D3D10_ERROR_FILE_NOT_FOUND'
c:\users\frank\onedrive\escritorio\directxsamples\tutorial07\cmanager.cpp(19): warning C4189: 'io': la variable local se ha inicializado pero no se hace referencia a ella
  Tutorial07_2010.vcxproj -> C:\Users\frank\OneDrive\Escritorio\DirectXSamples\Tutorial07\Debug\Tutorial07.exe
