c:\users\frank\onedrive\escritorio\directxsamples\tutorial07\debug\vc141.pdb
c:\users\frank\onedrive\escritorio\directxsamples\tutorial07\debug\vc141.idb
c:\users\frank\onedrive\escritorio\directxsamples\tutorial07\debug\tutorial07.obj
c:\users\frank\onedrive\escritorio\directxsamples\tutorial07\debug\imgui_widgets.obj
c:\users\frank\onedrive\escritorio\directxsamples\tutorial07\debug\imgui_draw.obj
c:\users\frank\onedrive\escritorio\directxsamples\tutorial07\debug\imgui_demo.obj
c:\users\frank\onedrive\escritorio\directxsamples\tutorial07\debug\imgui.obj
c:\users\frank\onedrive\escritorio\directxsamples\tutorial07\debug\imgui_impl_win32.obj
c:\users\frank\onedrive\escritorio\directxsamples\tutorial07\debug\imgui_impl_dx11.obj
c:\users\frank\onedrive\escritorio\directxsamples\tutorial07\debug\cdevice.obj
c:\users\frank\onedrive\escritorio\directxsamples\tutorial07\debug\cdevicecontext.obj
c:\users\frank\onedrive\escritorio\directxsamples\tutorial07\debug\ccamera.obj
c:\users\frank\onedrive\escritorio\directxsamples\tutorial07\debug\cbuffer.obj
c:\users\frank\onedrive\escritorio\directxsamples\tutorial07\debug\cswapcchain.obj
c:\users\frank\onedrive\escritorio\directxsamples\tutorial07\debug\cmanager.obj
c:\users\frank\onedrive\escritorio\directxsamples\tutorial07\debug\cdepthstencil.obj
c:\users\frank\onedrive\escritorio\directxsamples\tutorial07\debug\cdepthstencilview.obj
c:\users\frank\onedrive\escritorio\directxsamples\tutorial07\debug\abstractions.obj
c:\users\frank\onedrive\escritorio\directxsamples\tutorial07\debug\tutorial07.res
c:\users\frank\onedrive\escritorio\directxsamples\tutorial07\debug\tutorial07.pdb
c:\users\frank\onedrive\escritorio\directxsamples\tutorial07\debug\tutorial07.tlog\cl.command.1.tlog
c:\users\frank\onedrive\escritorio\directxsamples\tutorial07\debug\tutorial07.tlog\cl.read.1.tlog
c:\users\frank\onedrive\escritorio\directxsamples\tutorial07\debug\tutorial07.tlog\cl.write.1.tlog
c:\users\frank\onedrive\escritorio\directxsamples\tutorial07\debug\tutorial07.tlog\link.19272.read.1.tlog
c:\users\frank\onedrive\escritorio\directxsamples\tutorial07\debug\tutorial07.tlog\link.19272.write.1.tlog
c:\users\frank\onedrive\escritorio\directxsamples\tutorial07\debug\tutorial07.tlog\link.command.1.tlog
c:\users\frank\onedrive\escritorio\directxsamples\tutorial07\debug\tutorial07.tlog\link.read.1.tlog
c:\users\frank\onedrive\escritorio\directxsamples\tutorial07\debug\tutorial07.tlog\link.write.1.tlog
c:\users\frank\onedrive\escritorio\directxsamples\tutorial07\debug\tutorial07.tlog\rc.command.1.tlog
c:\users\frank\onedrive\escritorio\directxsamples\tutorial07\debug\tutorial07.tlog\rc.read.1.tlog
c:\users\frank\onedrive\escritorio\directxsamples\tutorial07\debug\tutorial07.tlog\rc.write.1.tlog
